<?xml version="1.0" encoding="UTF-8"?>
<!-- Generated by org.testng.reporters.JUnitReportReporter -->
<testsuite hostname="DESKTOP-P7VKIKU" name="teste.Testar" tests="3" failures="0" timestamp="20 Apr 2018 17:50:55 GMT" time="3.951" errors="0">
  <testcase name="teste02" time="1.226" classname="teste.Testar"/>
  <testcase name="teste01" time="1.442" classname="teste.Testar"/>
  <testcase name="teste03" time="1.283" classname="teste.Testar"/>
</testsuite> <!-- teste.Testar -->
