<?xml version="1.0" encoding="UTF-8"?>
<!-- Generated by org.testng.reporters.JUnitReportReporter -->
<testsuite hostname="DESKTOP-P7VKIKU" name="teste.Testar" tests="3" failures="0" timestamp="23 Apr 2018 11:57:22 GMT" time="4.009" errors="0">
  <testcase name="teste03" time="1.288" classname="teste.Testar"/>
  <testcase name="teste01" time="1.421" classname="teste.Testar"/>
  <testcase name="teste02" time="1.300" classname="teste.Testar"/>
</testsuite> <!-- teste.Testar -->
