<?xml version="1.0" encoding="UTF-8"?>
<!-- Generated by org.testng.reporters.JUnitReportReporter -->
<testsuite hostname="DESKTOP-P7VKIKU" name="teste.Testar" tests="3" failures="0" timestamp="20 Apr 2018 13:32:04 GMT" time="55.171" errors="0">
  <testcase name="sarpcb9" time="18.310" classname="teste.Testar"/>
  <testcase name="sarpcb8" time="18.244" classname="teste.Testar"/>
  <testcase name="sarpcb10" time="18.617" classname="teste.Testar"/>
</testsuite> <!-- teste.Testar -->
