<?xml version="1.0" encoding="UTF-8"?>
<!-- Generated by org.testng.reporters.JUnitReportReporter -->
<testsuite hostname="DESKTOP-P7VKIKU" name="teste.Testar" tests="3" failures="0" timestamp="20 Apr 2018 19:59:42 GMT" time="3.937" errors="0">
  <testcase name="teste03" time="1.264" classname="teste.Testar"/>
  <testcase name="teste01" time="1.372" classname="teste.Testar"/>
  <testcase name="teste02" time="1.301" classname="teste.Testar"/>
</testsuite> <!-- teste.Testar -->
